

Started GET "/" for 127.0.0.1 at 2013-10-31 21:20:59 +0100
Processing by StaticPagesController#home as HTML
  Rendered static_pages/home.html.erb within layouts/application (18.8ms)
Completed 200 OK in 3505ms (Views: 3456.6ms | ActiveRecord: 0.0ms)


Started GET "/backbone/backbonetutorial1.html" for 127.0.0.1 at 2013-10-31 21:21:08 +0100
Processing by StaticPagesController#backbone as HTML
  Parameters: {"page"=>"backbonetutorial1.html"}
  Rendered static_pages/backbonetutorial1.html within layouts/backbone_tutorial (0.6ms)
Completed 500 Internal Server Error in 765ms

ActionView::Template::Error (require_tree argument must be a directory
  (in /Users/agc/Central/BackboneJQuery/repositorios/aprendizaje/escuela_backbone/app/assets/javascripts/backbonetutorial.js:18)):
    3: <head>
    4:   <title>Tutorial Backbone</title>
    5:   <%= stylesheet_link_tag    "application", media: "all", "data-turbolinks-track" => true %>
    6:   <%= javascript_include_tag "backbonetutorial", "data-turbolinks-track" => true %>
    7:   <%= csrf_meta_tags %>
    8: </head>
    9: <body>
  app/views/layouts/backbone_tutorial.html.erb:6:in `_app_views_layouts_backbone_tutorial_html_erb__3614421997161892402_70240859671060'
  app/controllers/static_pages_controller.rb:22:in `backbone'


  Rendered /Users/agc/.rvm/gems/ruby-2.0.0-p247@rails4/gems/actionpack-4.0.0/lib/action_dispatch/middleware/templates/rescues/_trace.erb (2.6ms)
  Rendered /Users/agc/.rvm/gems/ruby-2.0.0-p247@rails4/gems/actionpack-4.0.0/lib/action_dispatch/middleware/templates/rescues/_request_and_response.erb (1.7ms)
  Rendered /Users/agc/.rvm/gems/ruby-2.0.0-p247@rails4/gems/actionpack-4.0.0/lib/action_dispatch/middleware/templates/rescues/template_error.erb within rescues/layout (378.4ms)


Started GET "/backbone/backbonetutorial1.html" for 127.0.0.1 at 2013-10-31 21:24:12 +0100
Processing by StaticPagesController#backbone as HTML
  Parameters: {"page"=>"backbonetutorial1.html"}
  Rendered static_pages/backbonetutorial1.html within layouts/backbone_tutorial (0.1ms)
Completed 500 Internal Server Error in 18ms

ActionView::Template::Error (require_tree argument must be a directory
  (in /Users/agc/Central/BackboneJQuery/repositorios/aprendizaje/escuela_backbone/app/assets/javascripts/backbonetutorial.js:18)):
    3: <head>
    4:   <title>Tutorial Backbone</title>
    5:   <%= stylesheet_link_tag    "application", media: "all", "data-turbolinks-track" => true %>
    6:   <%= javascript_include_tag "backbonetutorial", "data-turbolinks-track" => true %>
    7:   <%= csrf_meta_tags %>
    8: </head>
    9: <body>
  app/views/layouts/backbone_tutorial.html.erb:6:in `_app_views_layouts_backbone_tutorial_html_erb__3614421997161892402_70240859671060'
  app/controllers/static_pages_controller.rb:22:in `backbone'


  Rendered /Users/agc/.rvm/gems/ruby-2.0.0-p247@rails4/gems/actionpack-4.0.0/lib/action_dispatch/middleware/templates/rescues/_trace.erb (1.7ms)
  Rendered /Users/agc/.rvm/gems/ruby-2.0.0-p247@rails4/gems/actionpack-4.0.0/lib/action_dispatch/middleware/templates/rescues/_request_and_response.erb (1.5ms)
  Rendered /Users/agc/.rvm/gems/ruby-2.0.0-p247@rails4/gems/actionpack-4.0.0/lib/action_dispatch/middleware/templates/rescues/template_error.erb within rescues/layout (15.6ms)


Started GET "/backbone/backbonetutorial1.html" for 127.0.0.1 at 2013-10-31 21:24:15 +0100
Processing by StaticPagesController#backbone as HTML
  Parameters: {"page"=>"backbonetutorial1.html"}
  Rendered static_pages/backbonetutorial1.html within layouts/backbone_tutorial (0.1ms)
Completed 500 Internal Server Error in 17ms

ActionView::Template::Error (require_tree argument must be a directory
  (in /Users/agc/Central/BackboneJQuery/repositorios/aprendizaje/escuela_backbone/app/assets/javascripts/backbonetutorial.js:18)):
    3: <head>
    4:   <title>Tutorial Backbone</title>
    5:   <%= stylesheet_link_tag    "application", media: "all", "data-turbolinks-track" => true %>
    6:   <%= javascript_include_tag "backbonetutorial", "data-turbolinks-track" => true %>
    7:   <%= csrf_meta_tags %>
    8: </head>
    9: <body>
  app/views/layouts/backbone_tutorial.html.erb:6:in `_app_views_layouts_backbone_tutorial_html_erb__3614421997161892402_70240859671060'
  app/controllers/static_pages_controller.rb:22:in `backbone'


  Rendered /Users/agc/.rvm/gems/ruby-2.0.0-p247@rails4/gems/actionpack-4.0.0/lib/action_dispatch/middleware/templates/rescues/_trace.erb (1.8ms)
  Rendered /Users/agc/.rvm/gems/ruby-2.0.0-p247@rails4/gems/actionpack-4.0.0/lib/action_dispatch/middleware/templates/rescues/_request_and_response.erb (1.3ms)
  Rendered /Users/agc/.rvm/gems/ruby-2.0.0-p247@rails4/gems/actionpack-4.0.0/lib/action_dispatch/middleware/templates/rescues/template_error.erb within rescues/layout (15.4ms)


Started GET "/backbone/backbonetutorial1.html" for 127.0.0.1 at 2013-10-31 21:24:55 +0100
Processing by StaticPagesController#backbone as HTML
  Parameters: {"page"=>"backbonetutorial1.html"}
  Rendered static_pages/backbonetutorial1.html within layouts/backbone_tutorial (1.5ms)
Completed 500 Internal Server Error in 63ms

ActionView::Template::Error (require_tree argument must be a directory
  (in /Users/agc/Central/BackboneJQuery/repositorios/aprendizaje/escuela_backbone/app/assets/javascripts/backbonetutorial.js:18)):
    3: <head>
    4:   <title>Tutorial Backbone</title>
    5:   <%= stylesheet_link_tag    "application", media: "all", "data-turbolinks-track" => true %>
    6:   <%= javascript_include_tag "backbonetutorial", "data-turbolinks-track" => true %>
    7:   <%= csrf_meta_tags %>
    8: </head>
    9: <body>
  app/views/layouts/backbone_tutorial.html.erb:6:in `_app_views_layouts_backbone_tutorial_html_erb___1119270786260338363_70337896792460'
  app/controllers/static_pages_controller.rb:22:in `backbone'


  Rendered /Users/agc/.rvm/gems/ruby-2.0.0-p247@rails4/gems/actionpack-4.0.0/lib/action_dispatch/middleware/templates/rescues/_trace.erb (1.9ms)
  Rendered /Users/agc/.rvm/gems/ruby-2.0.0-p247@rails4/gems/actionpack-4.0.0/lib/action_dispatch/middleware/templates/rescues/_request_and_response.erb (2.1ms)
  Rendered /Users/agc/.rvm/gems/ruby-2.0.0-p247@rails4/gems/actionpack-4.0.0/lib/action_dispatch/middleware/templates/rescues/template_error.erb within rescues/layout (50.4ms)


Started GET "/backbone/backbonetutorial1.html" for 127.0.0.1 at 2013-10-31 21:24:55 +0100
Processing by StaticPagesController#backbone as HTML
  Parameters: {"page"=>"backbonetutorial1.html"}
  Rendered static_pages/backbonetutorial1.html within layouts/backbone_tutorial (0.1ms)
Completed 500 Internal Server Error in 14ms

ActionView::Template::Error (require_tree argument must be a directory
  (in /Users/agc/Central/BackboneJQuery/repositorios/aprendizaje/escuela_backbone/app/assets/javascripts/backbonetutorial.js:18)):
    3: <head>
    4:   <title>Tutorial Backbone</title>
    5:   <%= stylesheet_link_tag    "application", media: "all", "data-turbolinks-track" => true %>
    6:   <%= javascript_include_tag "backbonetutorial", "data-turbolinks-track" => true %>
    7:   <%= csrf_meta_tags %>
    8: </head>
    9: <body>
  app/views/layouts/backbone_tutorial.html.erb:6:in `_app_views_layouts_backbone_tutorial_html_erb___1119270786260338363_70337896792460'
  app/controllers/static_pages_controller.rb:22:in `backbone'


  Rendered /Users/agc/.rvm/gems/ruby-2.0.0-p247@rails4/gems/actionpack-4.0.0/lib/action_dispatch/middleware/templates/rescues/_trace.erb (1.6ms)
  Rendered /Users/agc/.rvm/gems/ruby-2.0.0-p247@rails4/gems/actionpack-4.0.0/lib/action_dispatch/middleware/templates/rescues/_request_and_response.erb (1.4ms)
  Rendered /Users/agc/.rvm/gems/ruby-2.0.0-p247@rails4/gems/actionpack-4.0.0/lib/action_dispatch/middleware/templates/rescues/template_error.erb within rescues/layout (15.1ms)


Started GET "/backbone/backbonetutorial1.html" for 127.0.0.1 at 2013-10-31 21:35:27 +0100
Processing by StaticPagesController#backbone as HTML
  Parameters: {"page"=>"backbonetutorial1.html"}
  Rendered static_pages/backbonetutorial1.html within layouts/backbone_tutorial (0.9ms)
Completed 200 OK in 435ms (Views: 431.5ms | ActiveRecord: 0.0ms)


Started GET "/assets/static_pages.css?body=1" for 127.0.0.1 at 2013-10-31 21:35:29 +0100


Started GET "/assets/application.css?body=1" for 127.0.0.1 at 2013-10-31 21:35:29 +0100


Started GET "/assets/jquery.js?body=1" for 127.0.0.1 at 2013-10-31 21:35:29 +0100


Started GET "/assets/underscore-min.js?body=1" for 127.0.0.1 at 2013-10-31 21:35:29 +0100


Started GET "/assets/turbolinks.js?body=1" for 127.0.0.1 at 2013-10-31 21:35:29 +0100


Started GET "/assets/jquery_ujs.js?body=1" for 127.0.0.1 at 2013-10-31 21:35:29 +0100


Started GET "/assets/backbone-min.js?body=1" for 127.0.0.1 at 2013-10-31 21:35:29 +0100


Started GET "/assets/backbonetutorial.js?body=1" for 127.0.0.1 at 2013-10-31 21:35:29 +0100


Started GET "/backbone/backbonetutorial1.html" for 127.0.0.1 at 2013-10-31 21:42:09 +0100
Processing by StaticPagesController#backbone as HTML
  Parameters: {"page"=>"backbonetutorial1.html"}
  Rendered static_pages/backbonetutorial1.html within layouts/backbone_tutorial (0.1ms)
Completed 200 OK in 51ms (Views: 50.0ms | ActiveRecord: 0.0ms)


Started GET "/assets/jquery_ujs.js?body=1" for 127.0.0.1 at 2013-10-31 21:42:09 +0100


Started GET "/assets/application.css?body=1" for 127.0.0.1 at 2013-10-31 21:42:09 +0100


Started GET "/assets/turbolinks.js?body=1" for 127.0.0.1 at 2013-10-31 21:42:09 +0100


Started GET "/assets/underscore-min.js?body=1" for 127.0.0.1 at 2013-10-31 21:42:09 +0100


Started GET "/assets/backbone-min.js?body=1" for 127.0.0.1 at 2013-10-31 21:42:09 +0100


Started GET "/assets/backbonetutorial.js?body=1" for 127.0.0.1 at 2013-10-31 21:42:09 +0100


Started GET "/assets/static_pages.css?body=1" for 127.0.0.1 at 2013-10-31 21:42:09 +0100


Started GET "/assets/jquery.js?body=1" for 127.0.0.1 at 2013-10-31 21:42:09 +0100


Started GET "/" for 127.0.0.1 at 2013-10-31 21:42:42 +0100
Processing by StaticPagesController#home as HTML
  Rendered static_pages/home.html.erb within layouts/application (0.9ms)
Completed 200 OK in 137ms (Views: 135.8ms | ActiveRecord: 0.0ms)


Started GET "/assets/static_pages.css?body=1" for 127.0.0.1 at 2013-10-31 21:42:42 +0100


Started GET "/assets/jquery_ujs.js?body=1" for 127.0.0.1 at 2013-10-31 21:42:42 +0100


Started GET "/assets/turbolinks.js?body=1" for 127.0.0.1 at 2013-10-31 21:42:42 +0100


Started GET "/assets/application.css?body=1" for 127.0.0.1 at 2013-10-31 21:42:42 +0100


Started GET "/assets/jquery.js?body=1" for 127.0.0.1 at 2013-10-31 21:42:42 +0100


Started GET "/assets/application.js?body=1" for 127.0.0.1 at 2013-10-31 21:42:42 +0100


Started GET "/backbone/backbonetutorial1.html" for 127.0.0.1 at 2013-10-31 21:42:44 +0100
Processing by StaticPagesController#backbone as HTML
  Parameters: {"page"=>"backbonetutorial1.html"}
  Rendered static_pages/backbonetutorial1.html within layouts/backbone_tutorial (0.1ms)
Completed 200 OK in 6ms (Views: 5.3ms | ActiveRecord: 0.0ms)


Started GET "/assets/application.css?body=1" for 127.0.0.1 at 2013-10-31 21:42:44 +0100


Started GET "/assets/static_pages.css?body=1" for 127.0.0.1 at 2013-10-31 21:42:44 +0100


Started GET "/assets/jquery_ujs.js?body=1" for 127.0.0.1 at 2013-10-31 21:42:44 +0100


Started GET "/assets/jquery.js?body=1" for 127.0.0.1 at 2013-10-31 21:42:44 +0100


Started GET "/assets/turbolinks.js?body=1" for 127.0.0.1 at 2013-10-31 21:42:44 +0100


Started GET "/assets/backbone-min.js?body=1" for 127.0.0.1 at 2013-10-31 21:42:44 +0100


Started GET "/assets/backbonetutorial.js?body=1" for 127.0.0.1 at 2013-10-31 21:42:44 +0100


Started GET "/assets/underscore-min.js?body=1" for 127.0.0.1 at 2013-10-31 21:42:44 +0100


Started GET "/backbone/backbonetutorial2.html" for 127.0.0.1 at 2013-10-31 21:47:49 +0100
Processing by StaticPagesController#backbone as HTML
  Parameters: {"page"=>"backbonetutorial2.html"}
  Rendered static_pages/backbonetutorial2.html within layouts/backbone_tutorial (16.3ms)
Completed 500 Internal Server Error in 40ms

ActionView::Template::Error (undefined local variable or method `who' for #<#<Class:0x007ff1a2b00040>:0x007ff1a489c748>):
    12:        var AppView = Backbone.View.extend({
    13:          el: $('#container'),
    14:          // template
    15:          template: _.template("<h3>Hola <%= who %><h3>"),
    16:          initialize: function(){
    17:            this.render();
    18:          },
  app/views/static_pages/backbonetutorial2.html:15:in `_app_views_static_pages_backbonetutorial__html___3731212313561313212_70337912194400'
  app/controllers/static_pages_controller.rb:22:in `backbone'


  Rendered /Users/agc/.rvm/gems/ruby-2.0.0-p247@rails4/gems/actionpack-4.0.0/lib/action_dispatch/middleware/templates/rescues/_trace.erb (1.6ms)
  Rendered /Users/agc/.rvm/gems/ruby-2.0.0-p247@rails4/gems/actionpack-4.0.0/lib/action_dispatch/middleware/templates/rescues/_request_and_response.erb (1.4ms)
  Rendered /Users/agc/.rvm/gems/ruby-2.0.0-p247@rails4/gems/actionpack-4.0.0/lib/action_dispatch/middleware/templates/rescues/template_error.erb within rescues/layout (16.6ms)


Started GET "/backbone/backbonetutorial2.html" for 127.0.0.1 at 2013-10-31 21:54:49 +0100
Processing by StaticPagesController#backbone as HTML
  Parameters: {"page"=>"backbonetutorial2.html"}
  Rendered static_pages/backbonetutorial2.html within layouts/backbone_tutorial (0.7ms)
Completed 200 OK in 25ms (Views: 24.4ms | ActiveRecord: 0.0ms)


Started GET "/assets/jquery_ujs.js?body=1" for 127.0.0.1 at 2013-10-31 21:54:49 +0100


Started GET "/assets/static_pages.css?body=1" for 127.0.0.1 at 2013-10-31 21:54:49 +0100


Started GET "/assets/jquery.js?body=1" for 127.0.0.1 at 2013-10-31 21:54:49 +0100


Started GET "/assets/application.css?body=1" for 127.0.0.1 at 2013-10-31 21:54:49 +0100


Started GET "/assets/backbone-min.js?body=1" for 127.0.0.1 at 2013-10-31 21:54:49 +0100


Started GET "/assets/turbolinks.js?body=1" for 127.0.0.1 at 2013-10-31 21:54:49 +0100


Started GET "/assets/underscore-min.js?body=1" for 127.0.0.1 at 2013-10-31 21:54:49 +0100


Started GET "/assets/backbonetutorial.js?body=1" for 127.0.0.1 at 2013-10-31 21:54:49 +0100


Started GET "/backbone/backbonetutorial3.html" for 127.0.0.1 at 2013-10-31 22:39:27 +0100
Processing by StaticPagesController#backbone as HTML
  Parameters: {"page"=>"backbonetutorial3.html"}
  Rendered static_pages/backbonetutorial3.html within layouts/backbone_tutorial (264.2ms)
Completed 500 Internal Server Error in 415ms

ActionView::Template::Error (undefined local variable or method `title' for #<#<Class:0x007ff1a2b00040>:0x007ff1a4ce9e18>):
    38: <script type="text/template" id="item-template">
    39:     <div class="view">
    40:         <input class="toggle" type="checkbox">
    41:         <label><%- title %></label>
    42:     </div>
    43: </script>
    44: 
  app/views/static_pages/backbonetutorial3.html:41:in `_app_views_static_pages_backbonetutorial__html___2473553519888051463_70337914422560'
  app/controllers/static_pages_controller.rb:22:in `backbone'


  Rendered /Users/agc/.rvm/gems/ruby-2.0.0-p247@rails4/gems/actionpack-4.0.0/lib/action_dispatch/middleware/templates/rescues/_trace.erb (2.4ms)
  Rendered /Users/agc/.rvm/gems/ruby-2.0.0-p247@rails4/gems/actionpack-4.0.0/lib/action_dispatch/middleware/templates/rescues/_request_and_response.erb (1.5ms)
  Rendered /Users/agc/.rvm/gems/ruby-2.0.0-p247@rails4/gems/actionpack-4.0.0/lib/action_dispatch/middleware/templates/rescues/template_error.erb within rescues/layout (22.1ms)


Started GET "/backbone/backbonetutorial3.html" for 127.0.0.1 at 2013-10-31 22:39:41 +0100
Processing by StaticPagesController#backbone as HTML
  Parameters: {"page"=>"backbonetutorial3.html"}
  Rendered static_pages/backbonetutorial3.html within layouts/backbone_tutorial (0.9ms)
Completed 200 OK in 441ms (Views: 440.2ms | ActiveRecord: 0.0ms)


Started GET "/assets/application.css?body=1" for 127.0.0.1 at 2013-10-31 22:39:42 +0100


Started GET "/assets/jquery_ujs.js?body=1" for 127.0.0.1 at 2013-10-31 22:39:42 +0100


Started GET "/assets/jquery.js?body=1" for 127.0.0.1 at 2013-10-31 22:39:42 +0100


Started GET "/assets/underscore-min.js?body=1" for 127.0.0.1 at 2013-10-31 22:39:42 +0100


Started GET "/assets/static_pages.css?body=1" for 127.0.0.1 at 2013-10-31 22:39:42 +0100


Started GET "/assets/turbolinks.js?body=1" for 127.0.0.1 at 2013-10-31 22:39:42 +0100


Started GET "/assets/backbonetutorial.js?body=1" for 127.0.0.1 at 2013-10-31 22:39:42 +0100


Started GET "/assets/backbone-min.js?body=1" for 127.0.0.1 at 2013-10-31 22:39:42 +0100


Started GET "/backbone/backbonetutorial3.html" for 127.0.0.1 at 2013-10-31 22:45:48 +0100
Processing by StaticPagesController#backbone as HTML
  Parameters: {"page"=>"backbonetutorial3.html"}
  Rendered static_pages/backbonetutorial3.html within layouts/backbone_tutorial (0.9ms)
Completed 200 OK in 25ms (Views: 24.0ms | ActiveRecord: 0.0ms)


Started GET "/assets/application.css?body=1" for 127.0.0.1 at 2013-10-31 22:45:51 +0100


Started GET "/assets/turbolinks.js?body=1" for 127.0.0.1 at 2013-10-31 22:45:51 +0100


Started GET "/assets/underscore-min.js?body=1" for 127.0.0.1 at 2013-10-31 22:45:51 +0100


Started GET "/assets/static_pages.css?body=1" for 127.0.0.1 at 2013-10-31 22:45:51 +0100


Started GET "/assets/jquery.js?body=1" for 127.0.0.1 at 2013-10-31 22:45:51 +0100


Started GET "/assets/jquery_ujs.js?body=1" for 127.0.0.1 at 2013-10-31 22:45:51 +0100


Started GET "/assets/backbonetutorial.js?body=1" for 127.0.0.1 at 2013-10-31 22:45:51 +0100


Started GET "/assets/backbone-min.js?body=1" for 127.0.0.1 at 2013-10-31 22:45:51 +0100


Started GET "/backbone/backbonetutorial3.html" for 127.0.0.1 at 2013-10-31 22:47:31 +0100
Processing by StaticPagesController#backbone as HTML
  Parameters: {"page"=>"backbonetutorial3.html"}
  Rendered static_pages/backbonetutorial3.html within layouts/backbone_tutorial (1.1ms)
Completed 200 OK in 38ms (Views: 37.2ms | ActiveRecord: 0.0ms)


Started GET "/assets/application.css?body=1" for 127.0.0.1 at 2013-10-31 22:47:31 +0100


Started GET "/assets/static_pages.css?body=1" for 127.0.0.1 at 2013-10-31 22:47:31 +0100


Started GET "/assets/turbolinks.js?body=1" for 127.0.0.1 at 2013-10-31 22:47:31 +0100


Started GET "/assets/underscore-min.js?body=1" for 127.0.0.1 at 2013-10-31 22:47:31 +0100


Started GET "/assets/backbone-min.js?body=1" for 127.0.0.1 at 2013-10-31 22:47:31 +0100


Started GET "/assets/jquery_ujs.js?body=1" for 127.0.0.1 at 2013-10-31 22:47:31 +0100


Started GET "/assets/jquery.js?body=1" for 127.0.0.1 at 2013-10-31 22:47:31 +0100


Started GET "/assets/backbonetutorial.js?body=1" for 127.0.0.1 at 2013-10-31 22:47:31 +0100


Started GET "/assets/backbone-min.map" for 127.0.0.1 at 2013-10-31 22:48:29 +0100

ActionController::RoutingError (No route matches [GET] "/assets/backbone-min.map"):
  actionpack (4.0.0) lib/action_dispatch/middleware/debug_exceptions.rb:21:in `call'
  actionpack (4.0.0) lib/action_dispatch/middleware/show_exceptions.rb:30:in `call'
  railties (4.0.0) lib/rails/rack/logger.rb:38:in `call_app'
  railties (4.0.0) lib/rails/rack/logger.rb:21:in `block in call'
  activesupport (4.0.0) lib/active_support/tagged_logging.rb:67:in `block in tagged'
  activesupport (4.0.0) lib/active_support/tagged_logging.rb:25:in `tagged'
  activesupport (4.0.0) lib/active_support/tagged_logging.rb:67:in `tagged'
  railties (4.0.0) lib/rails/rack/logger.rb:21:in `call'
  actionpack (4.0.0) lib/action_dispatch/middleware/request_id.rb:21:in `call'
  rack (1.5.2) lib/rack/methodoverride.rb:21:in `call'
  rack (1.5.2) lib/rack/runtime.rb:17:in `call'
  activesupport (4.0.0) lib/active_support/cache/strategy/local_cache.rb:83:in `call'
  rack (1.5.2) lib/rack/lock.rb:17:in `call'
  actionpack (4.0.0) lib/action_dispatch/middleware/static.rb:64:in `call'
  railties (4.0.0) lib/rails/engine.rb:511:in `call'
  railties (4.0.0) lib/rails/application.rb:97:in `call'
  rack (1.5.2) lib/rack/lock.rb:17:in `call'
  rack (1.5.2) lib/rack/content_length.rb:14:in `call'
  rack (1.5.2) lib/rack/handler/webrick.rb:60:in `service'
  /Users/agc/.rvm/rubies/ruby-2.0.0-p247/lib/ruby/2.0.0/webrick/httpserver.rb:138:in `service'
  /Users/agc/.rvm/rubies/ruby-2.0.0-p247/lib/ruby/2.0.0/webrick/httpserver.rb:94:in `run'
  /Users/agc/.rvm/rubies/ruby-2.0.0-p247/lib/ruby/2.0.0/webrick/server.rb:295:in `block in start_thread'


  Rendered /Users/agc/.rvm/gems/ruby-2.0.0-p247@rails4/gems/actionpack-4.0.0/lib/action_dispatch/middleware/templates/rescues/_trace.erb (1.8ms)
  Rendered /Users/agc/.rvm/gems/ruby-2.0.0-p247@rails4/gems/actionpack-4.0.0/lib/action_dispatch/middleware/templates/routes/_route.html.erb (1.6ms)
  Rendered /Users/agc/.rvm/gems/ruby-2.0.0-p247@rails4/gems/actionpack-4.0.0/lib/action_dispatch/middleware/templates/routes/_table.html.erb (11.6ms)
  Rendered /Users/agc/.rvm/gems/ruby-2.0.0-p247@rails4/gems/actionpack-4.0.0/lib/action_dispatch/middleware/templates/rescues/routing_error.erb within rescues/layout (242.2ms)


Started GET "/assets/underscore-min.map" for 127.0.0.1 at 2013-10-31 22:48:30 +0100

ActionController::RoutingError (No route matches [GET] "/assets/underscore-min.map"):
  actionpack (4.0.0) lib/action_dispatch/middleware/debug_exceptions.rb:21:in `call'
  actionpack (4.0.0) lib/action_dispatch/middleware/show_exceptions.rb:30:in `call'
  railties (4.0.0) lib/rails/rack/logger.rb:38:in `call_app'
  railties (4.0.0) lib/rails/rack/logger.rb:21:in `block in call'
  activesupport (4.0.0) lib/active_support/tagged_logging.rb:67:in `block in tagged'
  activesupport (4.0.0) lib/active_support/tagged_logging.rb:25:in `tagged'
  activesupport (4.0.0) lib/active_support/tagged_logging.rb:67:in `tagged'
  railties (4.0.0) lib/rails/rack/logger.rb:21:in `call'
  actionpack (4.0.0) lib/action_dispatch/middleware/request_id.rb:21:in `call'
  rack (1.5.2) lib/rack/methodoverride.rb:21:in `call'
  rack (1.5.2) lib/rack/runtime.rb:17:in `call'
  activesupport (4.0.0) lib/active_support/cache/strategy/local_cache.rb:83:in `call'
  rack (1.5.2) lib/rack/lock.rb:17:in `call'
  actionpack (4.0.0) lib/action_dispatch/middleware/static.rb:64:in `call'
  railties (4.0.0) lib/rails/engine.rb:511:in `call'
  railties (4.0.0) lib/rails/application.rb:97:in `call'
  rack (1.5.2) lib/rack/lock.rb:17:in `call'
  rack (1.5.2) lib/rack/content_length.rb:14:in `call'
  rack (1.5.2) lib/rack/handler/webrick.rb:60:in `service'
  /Users/agc/.rvm/rubies/ruby-2.0.0-p247/lib/ruby/2.0.0/webrick/httpserver.rb:138:in `service'
  /Users/agc/.rvm/rubies/ruby-2.0.0-p247/lib/ruby/2.0.0/webrick/httpserver.rb:94:in `run'
  /Users/agc/.rvm/rubies/ruby-2.0.0-p247/lib/ruby/2.0.0/webrick/server.rb:295:in `block in start_thread'


  Rendered /Users/agc/.rvm/gems/ruby-2.0.0-p247@rails4/gems/actionpack-4.0.0/lib/action_dispatch/middleware/templates/rescues/_trace.erb (1.9ms)
  Rendered /Users/agc/.rvm/gems/ruby-2.0.0-p247@rails4/gems/actionpack-4.0.0/lib/action_dispatch/middleware/templates/routes/_route.html.erb (1.6ms)
  Rendered /Users/agc/.rvm/gems/ruby-2.0.0-p247@rails4/gems/actionpack-4.0.0/lib/action_dispatch/middleware/templates/routes/_table.html.erb (1.8ms)
  Rendered /Users/agc/.rvm/gems/ruby-2.0.0-p247@rails4/gems/actionpack-4.0.0/lib/action_dispatch/middleware/templates/rescues/routing_error.erb within rescues/layout (28.6ms)


Started GET "/backbone/backbonetutorial3.html" for 127.0.0.1 at 2013-10-31 22:49:34 +0100
Processing by StaticPagesController#backbone as HTML
  Parameters: {"page"=>"backbonetutorial3.html"}
  Rendered static_pages/backbonetutorial3.html within layouts/backbone_tutorial (0.9ms)
Completed 200 OK in 32ms (Views: 31.3ms | ActiveRecord: 0.0ms)


Started GET "/assets/application.css?body=1" for 127.0.0.1 at 2013-10-31 22:49:34 +0100


Started GET "/assets/underscore-min.js?body=1" for 127.0.0.1 at 2013-10-31 22:49:34 +0100


Started GET "/assets/turbolinks.js?body=1" for 127.0.0.1 at 2013-10-31 22:49:34 +0100


Started GET "/assets/jquery_ujs.js?body=1" for 127.0.0.1 at 2013-10-31 22:49:34 +0100


Started GET "/assets/jquery.js?body=1" for 127.0.0.1 at 2013-10-31 22:49:34 +0100


Started GET "/assets/static_pages.css?body=1" for 127.0.0.1 at 2013-10-31 22:49:34 +0100


Started GET "/assets/backbone-min.js?body=1" for 127.0.0.1 at 2013-10-31 22:49:34 +0100


Started GET "/assets/backbonetutorial.js?body=1" for 127.0.0.1 at 2013-10-31 22:49:34 +0100


Started GET "/backbone/backbonetutorial3.html" for 127.0.0.1 at 2013-10-31 22:52:14 +0100
Processing by StaticPagesController#backbone as HTML
  Parameters: {"page"=>"backbonetutorial3.html"}
  Rendered static_pages/backbonetutorial3.html within layouts/backbone_tutorial (0.9ms)
Completed 200 OK in 112ms (Views: 110.5ms | ActiveRecord: 0.0ms)


Started GET "/assets/application.css?body=1" for 127.0.0.1 at 2013-10-31 22:52:15 +0100


Started GET "/assets/underscore-min.js?body=1" for 127.0.0.1 at 2013-10-31 22:52:15 +0100


Started GET "/assets/jquery_ujs.js?body=1" for 127.0.0.1 at 2013-10-31 22:52:15 +0100


Started GET "/assets/static_pages.css?body=1" for 127.0.0.1 at 2013-10-31 22:52:15 +0100


Started GET "/assets/backbone-min.js?body=1" for 127.0.0.1 at 2013-10-31 22:52:15 +0100


Started GET "/assets/turbolinks.js?body=1" for 127.0.0.1 at 2013-10-31 22:52:15 +0100


Started GET "/assets/backbonetutorial.js?body=1" for 127.0.0.1 at 2013-10-31 22:52:15 +0100


Started GET "/assets/jquery.js?body=1" for 127.0.0.1 at 2013-10-31 22:52:15 +0100


Started GET "/backbone/backbonetutorial3.html" for 127.0.0.1 at 2013-10-31 22:53:06 +0100
Processing by StaticPagesController#backbone as HTML
  Parameters: {"page"=>"backbonetutorial3.html"}
  Rendered static_pages/backbonetutorial3.html within layouts/backbone_tutorial (0.7ms)
Completed 200 OK in 7ms (Views: 6.2ms | ActiveRecord: 0.0ms)


Started GET "/assets/application.css?body=1" for 127.0.0.1 at 2013-10-31 22:53:06 +0100


Started GET "/assets/turbolinks.js?body=1" for 127.0.0.1 at 2013-10-31 22:53:06 +0100


Started GET "/assets/static_pages.css?body=1" for 127.0.0.1 at 2013-10-31 22:53:06 +0100


Started GET "/assets/backbone-min.js?body=1" for 127.0.0.1 at 2013-10-31 22:53:06 +0100


Started GET "/assets/jquery_ujs.js?body=1" for 127.0.0.1 at 2013-10-31 22:53:06 +0100


Started GET "/assets/jquery.js?body=1" for 127.0.0.1 at 2013-10-31 22:53:06 +0100


Started GET "/assets/underscore-min.js?body=1" for 127.0.0.1 at 2013-10-31 22:53:06 +0100


Started GET "/assets/backbonetutorial.js?body=1" for 127.0.0.1 at 2013-10-31 22:53:06 +0100


Started GET "/backbone/backbonetutorial3.html" for 127.0.0.1 at 2013-10-31 22:57:46 +0100
Processing by StaticPagesController#backbone as HTML
  Parameters: {"page"=>"backbonetutorial3.html"}
  Rendered static_pages/backbonetutorial3.html within layouts/backbone_tutorial (1.2ms)
Completed 200 OK in 25ms (Views: 24.4ms | ActiveRecord: 0.0ms)


Started GET "/assets/application.css?body=1" for 127.0.0.1 at 2013-10-31 22:57:46 +0100


Started GET "/assets/jquery.js?body=1" for 127.0.0.1 at 2013-10-31 22:57:46 +0100


Started GET "/assets/static_pages.css?body=1" for 127.0.0.1 at 2013-10-31 22:57:46 +0100


Started GET "/assets/backbone-min.js?body=1" for 127.0.0.1 at 2013-10-31 22:57:46 +0100


Started GET "/assets/jquery_ujs.js?body=1" for 127.0.0.1 at 2013-10-31 22:57:46 +0100


Started GET "/assets/backbonetutorial.js?body=1" for 127.0.0.1 at 2013-10-31 22:57:46 +0100


Started GET "/assets/turbolinks.js?body=1" for 127.0.0.1 at 2013-10-31 22:57:46 +0100


Started GET "/assets/underscore-min.js?body=1" for 127.0.0.1 at 2013-10-31 22:57:46 +0100


Started GET "/backbone/backbonetutorial3.html" for 127.0.0.1 at 2013-10-31 22:57:49 +0100
Processing by StaticPagesController#backbone as HTML
  Parameters: {"page"=>"backbonetutorial3.html"}
  Rendered static_pages/backbonetutorial3.html within layouts/backbone_tutorial (0.1ms)
Completed 200 OK in 8ms (Views: 7.2ms | ActiveRecord: 0.0ms)


Started GET "/assets/application.css?body=1" for 127.0.0.1 at 2013-10-31 22:57:49 +0100


Started GET "/assets/static_pages.css?body=1" for 127.0.0.1 at 2013-10-31 22:57:49 +0100


Started GET "/assets/underscore-min.js?body=1" for 127.0.0.1 at 2013-10-31 22:57:49 +0100


Started GET "/assets/turbolinks.js?body=1" for 127.0.0.1 at 2013-10-31 22:57:49 +0100


Started GET "/assets/jquery.js?body=1" for 127.0.0.1 at 2013-10-31 22:57:49 +0100


Started GET "/assets/backbone-min.js?body=1" for 127.0.0.1 at 2013-10-31 22:57:49 +0100


Started GET "/assets/jquery_ujs.js?body=1" for 127.0.0.1 at 2013-10-31 22:57:50 +0100


Started GET "/assets/backbonetutorial.js?body=1" for 127.0.0.1 at 2013-10-31 22:57:50 +0100


Started GET "/backbone/backbonetutorial3.html" for 127.0.0.1 at 2013-10-31 22:58:34 +0100
Processing by StaticPagesController#backbone as HTML
  Parameters: {"page"=>"backbonetutorial3.html"}
  Rendered static_pages/backbonetutorial3.html within layouts/backbone_tutorial (0.9ms)
Completed 200 OK in 8ms (Views: 7.5ms | ActiveRecord: 0.0ms)


Started GET "/assets/application.css?body=1" for 127.0.0.1 at 2013-10-31 22:58:34 +0100


Started GET "/assets/backbone-min.js?body=1" for 127.0.0.1 at 2013-10-31 22:58:34 +0100


Started GET "/assets/static_pages.css?body=1" for 127.0.0.1 at 2013-10-31 22:58:34 +0100


Started GET "/assets/jquery_ujs.js?body=1" for 127.0.0.1 at 2013-10-31 22:58:34 +0100


Started GET "/assets/jquery.js?body=1" for 127.0.0.1 at 2013-10-31 22:58:34 +0100


Started GET "/assets/turbolinks.js?body=1" for 127.0.0.1 at 2013-10-31 22:58:34 +0100


Started GET "/assets/backbonetutorial.js?body=1" for 127.0.0.1 at 2013-10-31 22:58:34 +0100


Started GET "/assets/underscore-min.js?body=1" for 127.0.0.1 at 2013-10-31 22:58:34 +0100


Started GET "/backbone/backbonetutorial3.html" for 127.0.0.1 at 2013-10-31 23:00:06 +0100
Processing by StaticPagesController#backbone as HTML
  Parameters: {"page"=>"backbonetutorial3.html"}
  Rendered static_pages/backbonetutorial3.html within layouts/backbone_tutorial (1.0ms)
Completed 200 OK in 27ms (Views: 26.1ms | ActiveRecord: 0.0ms)


Started GET "/assets/static_pages.css?body=1" for 127.0.0.1 at 2013-10-31 23:00:06 +0100


Started GET "/assets/jquery.js?body=1" for 127.0.0.1 at 2013-10-31 23:00:06 +0100


Started GET "/assets/turbolinks.js?body=1" for 127.0.0.1 at 2013-10-31 23:00:06 +0100


Started GET "/assets/backbone-min.js?body=1" for 127.0.0.1 at 2013-10-31 23:00:06 +0100


Started GET "/assets/jquery_ujs.js?body=1" for 127.0.0.1 at 2013-10-31 23:00:06 +0100


Started GET "/assets/application.css?body=1" for 127.0.0.1 at 2013-10-31 23:00:06 +0100


Started GET "/assets/underscore-min.js?body=1" for 127.0.0.1 at 2013-10-31 23:00:06 +0100


Started GET "/assets/backbonetutorial.js?body=1" for 127.0.0.1 at 2013-10-31 23:00:06 +0100


Started GET "/backbone/backbonetutorial3.html" for 127.0.0.1 at 2013-10-31 23:01:47 +0100
Processing by StaticPagesController#backbone as HTML
  Parameters: {"page"=>"backbonetutorial3.html"}
  Rendered static_pages/backbonetutorial3.html within layouts/backbone_tutorial (0.7ms)
Completed 200 OK in 25ms (Views: 24.2ms | ActiveRecord: 0.0ms)


Started GET "/assets/application.css?body=1" for 127.0.0.1 at 2013-10-31 23:01:47 +0100


Started GET "/assets/static_pages.css?body=1" for 127.0.0.1 at 2013-10-31 23:01:47 +0100


Started GET "/assets/jquery.js?body=1" for 127.0.0.1 at 2013-10-31 23:01:47 +0100


Started GET "/assets/jquery_ujs.js?body=1" for 127.0.0.1 at 2013-10-31 23:01:47 +0100


Started GET "/assets/backbone-min.js?body=1" for 127.0.0.1 at 2013-10-31 23:01:47 +0100


Started GET "/assets/turbolinks.js?body=1" for 127.0.0.1 at 2013-10-31 23:01:47 +0100


Started GET "/assets/underscore-min.js?body=1" for 127.0.0.1 at 2013-10-31 23:01:47 +0100


Started GET "/assets/backbonetutorial.js?body=1" for 127.0.0.1 at 2013-10-31 23:01:47 +0100


Started GET "/backbone/backbonetutorial3.html" for 127.0.0.1 at 2013-10-31 23:02:45 +0100
Processing by StaticPagesController#backbone as HTML
  Parameters: {"page"=>"backbonetutorial3.html"}
  Rendered static_pages/backbonetutorial3.html within layouts/backbone_tutorial (0.8ms)
Completed 200 OK in 25ms (Views: 24.4ms | ActiveRecord: 0.0ms)


Started GET "/assets/static_pages.css?body=1" for 127.0.0.1 at 2013-10-31 23:02:45 +0100


Started GET "/assets/application.css?body=1" for 127.0.0.1 at 2013-10-31 23:02:45 +0100


Started GET "/assets/jquery.js?body=1" for 127.0.0.1 at 2013-10-31 23:02:45 +0100


Started GET "/assets/backbonetutorial.js?body=1" for 127.0.0.1 at 2013-10-31 23:02:45 +0100


Started GET "/assets/turbolinks.js?body=1" for 127.0.0.1 at 2013-10-31 23:02:45 +0100


Started GET "/assets/underscore-min.js?body=1" for 127.0.0.1 at 2013-10-31 23:02:45 +0100


Started GET "/assets/jquery_ujs.js?body=1" for 127.0.0.1 at 2013-10-31 23:02:45 +0100


Started GET "/assets/backbone-min.js?body=1" for 127.0.0.1 at 2013-10-31 23:02:45 +0100


Started GET "/assets/underscore-min.map" for 127.0.0.1 at 2013-10-31 23:03:05 +0100

ActionController::RoutingError (No route matches [GET] "/assets/underscore-min.map"):
  actionpack (4.0.0) lib/action_dispatch/middleware/debug_exceptions.rb:21:in `call'
  actionpack (4.0.0) lib/action_dispatch/middleware/show_exceptions.rb:30:in `call'
  railties (4.0.0) lib/rails/rack/logger.rb:38:in `call_app'
  railties (4.0.0) lib/rails/rack/logger.rb:21:in `block in call'
  activesupport (4.0.0) lib/active_support/tagged_logging.rb:67:in `block in tagged'
  activesupport (4.0.0) lib/active_support/tagged_logging.rb:25:in `tagged'
  activesupport (4.0.0) lib/active_support/tagged_logging.rb:67:in `tagged'
  railties (4.0.0) lib/rails/rack/logger.rb:21:in `call'
  actionpack (4.0.0) lib/action_dispatch/middleware/request_id.rb:21:in `call'
  rack (1.5.2) lib/rack/methodoverride.rb:21:in `call'
  rack (1.5.2) lib/rack/runtime.rb:17:in `call'
  activesupport (4.0.0) lib/active_support/cache/strategy/local_cache.rb:83:in `call'
  rack (1.5.2) lib/rack/lock.rb:17:in `call'
  actionpack (4.0.0) lib/action_dispatch/middleware/static.rb:64:in `call'
  railties (4.0.0) lib/rails/engine.rb:511:in `call'
  railties (4.0.0) lib/rails/application.rb:97:in `call'
  rack (1.5.2) lib/rack/lock.rb:17:in `call'
  rack (1.5.2) lib/rack/content_length.rb:14:in `call'
  rack (1.5.2) lib/rack/handler/webrick.rb:60:in `service'
  /Users/agc/.rvm/rubies/ruby-2.0.0-p247/lib/ruby/2.0.0/webrick/httpserver.rb:138:in `service'
  /Users/agc/.rvm/rubies/ruby-2.0.0-p247/lib/ruby/2.0.0/webrick/httpserver.rb:94:in `run'
  /Users/agc/.rvm/rubies/ruby-2.0.0-p247/lib/ruby/2.0.0/webrick/server.rb:295:in `block in start_thread'


  Rendered /Users/agc/.rvm/gems/ruby-2.0.0-p247@rails4/gems/actionpack-4.0.0/lib/action_dispatch/middleware/templates/rescues/_trace.erb (1.8ms)
  Rendered /Users/agc/.rvm/gems/ruby-2.0.0-p247@rails4/gems/actionpack-4.0.0/lib/action_dispatch/middleware/templates/routes/_route.html.erb (1.4ms)
  Rendered /Users/agc/.rvm/gems/ruby-2.0.0-p247@rails4/gems/actionpack-4.0.0/lib/action_dispatch/middleware/templates/routes/_table.html.erb (1.4ms)
  Rendered /Users/agc/.rvm/gems/ruby-2.0.0-p247@rails4/gems/actionpack-4.0.0/lib/action_dispatch/middleware/templates/rescues/routing_error.erb within rescues/layout (27.5ms)


Started GET "/assets/backbone-min.map" for 127.0.0.1 at 2013-10-31 23:03:05 +0100

ActionController::RoutingError (No route matches [GET] "/assets/backbone-min.map"):
  actionpack (4.0.0) lib/action_dispatch/middleware/debug_exceptions.rb:21:in `call'
  actionpack (4.0.0) lib/action_dispatch/middleware/show_exceptions.rb:30:in `call'
  railties (4.0.0) lib/rails/rack/logger.rb:38:in `call_app'
  railties (4.0.0) lib/rails/rack/logger.rb:21:in `block in call'
  activesupport (4.0.0) lib/active_support/tagged_logging.rb:67:in `block in tagged'
  activesupport (4.0.0) lib/active_support/tagged_logging.rb:25:in `tagged'
  activesupport (4.0.0) lib/active_support/tagged_logging.rb:67:in `tagged'
  railties (4.0.0) lib/rails/rack/logger.rb:21:in `call'
  actionpack (4.0.0) lib/action_dispatch/middleware/request_id.rb:21:in `call'
  rack (1.5.2) lib/rack/methodoverride.rb:21:in `call'
  rack (1.5.2) lib/rack/runtime.rb:17:in `call'
  activesupport (4.0.0) lib/active_support/cache/strategy/local_cache.rb:83:in `call'
  rack (1.5.2) lib/rack/lock.rb:17:in `call'
  actionpack (4.0.0) lib/action_dispatch/middleware/static.rb:64:in `call'
  railties (4.0.0) lib/rails/engine.rb:511:in `call'
  railties (4.0.0) lib/rails/application.rb:97:in `call'
  rack (1.5.2) lib/rack/lock.rb:17:in `call'
  rack (1.5.2) lib/rack/content_length.rb:14:in `call'
  rack (1.5.2) lib/rack/handler/webrick.rb:60:in `service'
  /Users/agc/.rvm/rubies/ruby-2.0.0-p247/lib/ruby/2.0.0/webrick/httpserver.rb:138:in `service'
  /Users/agc/.rvm/rubies/ruby-2.0.0-p247/lib/ruby/2.0.0/webrick/httpserver.rb:94:in `run'
  /Users/agc/.rvm/rubies/ruby-2.0.0-p247/lib/ruby/2.0.0/webrick/server.rb:295:in `block in start_thread'


  Rendered /Users/agc/.rvm/gems/ruby-2.0.0-p247@rails4/gems/actionpack-4.0.0/lib/action_dispatch/middleware/templates/rescues/_trace.erb (1.3ms)
  Rendered /Users/agc/.rvm/gems/ruby-2.0.0-p247@rails4/gems/actionpack-4.0.0/lib/action_dispatch/middleware/templates/routes/_route.html.erb (1.6ms)
  Rendered /Users/agc/.rvm/gems/ruby-2.0.0-p247@rails4/gems/actionpack-4.0.0/lib/action_dispatch/middleware/templates/routes/_table.html.erb (1.4ms)
  Rendered /Users/agc/.rvm/gems/ruby-2.0.0-p247@rails4/gems/actionpack-4.0.0/lib/action_dispatch/middleware/templates/rescues/routing_error.erb within rescues/layout (40.3ms)


Started GET "/assets/underscore-min.map" for 127.0.0.1 at 2013-10-31 23:03:47 +0100

ActionController::RoutingError (No route matches [GET] "/assets/underscore-min.map"):
  actionpack (4.0.0) lib/action_dispatch/middleware/debug_exceptions.rb:21:in `call'
  actionpack (4.0.0) lib/action_dispatch/middleware/show_exceptions.rb:30:in `call'
  railties (4.0.0) lib/rails/rack/logger.rb:38:in `call_app'
  railties (4.0.0) lib/rails/rack/logger.rb:21:in `block in call'
  activesupport (4.0.0) lib/active_support/tagged_logging.rb:67:in `block in tagged'
  activesupport (4.0.0) lib/active_support/tagged_logging.rb:25:in `tagged'
  activesupport (4.0.0) lib/active_support/tagged_logging.rb:67:in `tagged'
  railties (4.0.0) lib/rails/rack/logger.rb:21:in `call'
  actionpack (4.0.0) lib/action_dispatch/middleware/request_id.rb:21:in `call'
  rack (1.5.2) lib/rack/methodoverride.rb:21:in `call'
  rack (1.5.2) lib/rack/runtime.rb:17:in `call'
  activesupport (4.0.0) lib/active_support/cache/strategy/local_cache.rb:83:in `call'
  rack (1.5.2) lib/rack/lock.rb:17:in `call'
  actionpack (4.0.0) lib/action_dispatch/middleware/static.rb:64:in `call'
  railties (4.0.0) lib/rails/engine.rb:511:in `call'
  railties (4.0.0) lib/rails/application.rb:97:in `call'
  rack (1.5.2) lib/rack/lock.rb:17:in `call'
  rack (1.5.2) lib/rack/content_length.rb:14:in `call'
  rack (1.5.2) lib/rack/handler/webrick.rb:60:in `service'
  /Users/agc/.rvm/rubies/ruby-2.0.0-p247/lib/ruby/2.0.0/webrick/httpserver.rb:138:in `service'
  /Users/agc/.rvm/rubies/ruby-2.0.0-p247/lib/ruby/2.0.0/webrick/httpserver.rb:94:in `run'
  /Users/agc/.rvm/rubies/ruby-2.0.0-p247/lib/ruby/2.0.0/webrick/server.rb:295:in `block in start_thread'


  Rendered /Users/agc/.rvm/gems/ruby-2.0.0-p247@rails4/gems/actionpack-4.0.0/lib/action_dispatch/middleware/templates/rescues/_trace.erb (1.5ms)
  Rendered /Users/agc/.rvm/gems/ruby-2.0.0-p247@rails4/gems/actionpack-4.0.0/lib/action_dispatch/middleware/templates/routes/_route.html.erb (1.3ms)
  Rendered /Users/agc/.rvm/gems/ruby-2.0.0-p247@rails4/gems/actionpack-4.0.0/lib/action_dispatch/middleware/templates/routes/_table.html.erb (1.3ms)
  Rendered /Users/agc/.rvm/gems/ruby-2.0.0-p247@rails4/gems/actionpack-4.0.0/lib/action_dispatch/middleware/templates/rescues/routing_error.erb within rescues/layout (23.9ms)


Started GET "/assets/backbone-min.map" for 127.0.0.1 at 2013-10-31 23:03:47 +0100

ActionController::RoutingError (No route matches [GET] "/assets/backbone-min.map"):
  actionpack (4.0.0) lib/action_dispatch/middleware/debug_exceptions.rb:21:in `call'
  actionpack (4.0.0) lib/action_dispatch/middleware/show_exceptions.rb:30:in `call'
  railties (4.0.0) lib/rails/rack/logger.rb:38:in `call_app'
  railties (4.0.0) lib/rails/rack/logger.rb:21:in `block in call'
  activesupport (4.0.0) lib/active_support/tagged_logging.rb:67:in `block in tagged'
  activesupport (4.0.0) lib/active_support/tagged_logging.rb:25:in `tagged'
  activesupport (4.0.0) lib/active_support/tagged_logging.rb:67:in `tagged'
  railties (4.0.0) lib/rails/rack/logger.rb:21:in `call'
  actionpack (4.0.0) lib/action_dispatch/middleware/request_id.rb:21:in `call'
  rack (1.5.2) lib/rack/methodoverride.rb:21:in `call'
  rack (1.5.2) lib/rack/runtime.rb:17:in `call'
  activesupport (4.0.0) lib/active_support/cache/strategy/local_cache.rb:83:in `call'
  rack (1.5.2) lib/rack/lock.rb:17:in `call'
  actionpack (4.0.0) lib/action_dispatch/middleware/static.rb:64:in `call'
  railties (4.0.0) lib/rails/engine.rb:511:in `call'
  railties (4.0.0) lib/rails/application.rb:97:in `call'
  rack (1.5.2) lib/rack/lock.rb:17:in `call'
  rack (1.5.2) lib/rack/content_length.rb:14:in `call'
  rack (1.5.2) lib/rack/handler/webrick.rb:60:in `service'
  /Users/agc/.rvm/rubies/ruby-2.0.0-p247/lib/ruby/2.0.0/webrick/httpserver.rb:138:in `service'
  /Users/agc/.rvm/rubies/ruby-2.0.0-p247/lib/ruby/2.0.0/webrick/httpserver.rb:94:in `run'
  /Users/agc/.rvm/rubies/ruby-2.0.0-p247/lib/ruby/2.0.0/webrick/server.rb:295:in `block in start_thread'


  Rendered /Users/agc/.rvm/gems/ruby-2.0.0-p247@rails4/gems/actionpack-4.0.0/lib/action_dispatch/middleware/templates/rescues/_trace.erb (1.7ms)
  Rendered /Users/agc/.rvm/gems/ruby-2.0.0-p247@rails4/gems/actionpack-4.0.0/lib/action_dispatch/middleware/templates/routes/_route.html.erb (1.3ms)
  Rendered /Users/agc/.rvm/gems/ruby-2.0.0-p247@rails4/gems/actionpack-4.0.0/lib/action_dispatch/middleware/templates/routes/_table.html.erb (1.3ms)
  Rendered /Users/agc/.rvm/gems/ruby-2.0.0-p247@rails4/gems/actionpack-4.0.0/lib/action_dispatch/middleware/templates/rescues/routing_error.erb within rescues/layout (24.9ms)


Started GET "/backbone/backbonetutorial3.html" for 127.0.0.1 at 2013-10-31 23:04:37 +0100
Processing by StaticPagesController#backbone as HTML
  Parameters: {"page"=>"backbonetutorial3.html"}
  Rendered static_pages/backbonetutorial3.html within layouts/backbone_tutorial (0.1ms)
Completed 500 Internal Server Error in 273ms

ActionView::Template::Error (couldn't find file 'backbone.localStorage'
  (in /Users/agc/Central/BackboneJQuery/repositorios/aprendizaje/escuela_backbone/app/assets/javascripts/backbonetutorial.js:18)):
    3: <head>
    4:   <title>Tutorial Backbone</title>
    5:   <%= stylesheet_link_tag    "application", media: "all", "data-turbolinks-track" => true %>
    6:   <%= javascript_include_tag "backbonetutorial", "data-turbolinks-track" => true %>
    7:   <%= csrf_meta_tags %>
    8: </head>
    9: <body>
  app/views/layouts/backbone_tutorial.html.erb:6:in `_app_views_layouts_backbone_tutorial_html_erb___1119270786260338363_70337896792460'
  app/controllers/static_pages_controller.rb:22:in `backbone'


  Rendered /Users/agc/.rvm/gems/ruby-2.0.0-p247@rails4/gems/actionpack-4.0.0/lib/action_dispatch/middleware/templates/rescues/_trace.erb (2.0ms)
  Rendered /Users/agc/.rvm/gems/ruby-2.0.0-p247@rails4/gems/actionpack-4.0.0/lib/action_dispatch/middleware/templates/rescues/_request_and_response.erb (1.3ms)
  Rendered /Users/agc/.rvm/gems/ruby-2.0.0-p247@rails4/gems/actionpack-4.0.0/lib/action_dispatch/middleware/templates/rescues/template_error.erb within rescues/layout (16.2ms)


Started GET "/backbone/backbonetutorial3.html" for 127.0.0.1 at 2013-10-31 23:05:24 +0100
Processing by StaticPagesController#backbone as HTML
  Parameters: {"page"=>"backbonetutorial3.html"}
  Rendered static_pages/backbonetutorial3.html within layouts/backbone_tutorial (0.1ms)
Completed 500 Internal Server Error in 309ms

ActionView::Template::Error (couldn't find file 'backbone.localStorage-min'
  (in /Users/agc/Central/BackboneJQuery/repositorios/aprendizaje/escuela_backbone/app/assets/javascripts/backbonetutorial.js:18)):
    3: <head>
    4:   <title>Tutorial Backbone</title>
    5:   <%= stylesheet_link_tag    "application", media: "all", "data-turbolinks-track" => true %>
    6:   <%= javascript_include_tag "backbonetutorial", "data-turbolinks-track" => true %>
    7:   <%= csrf_meta_tags %>
    8: </head>
    9: <body>
  app/views/layouts/backbone_tutorial.html.erb:6:in `_app_views_layouts_backbone_tutorial_html_erb___1119270786260338363_70337896792460'
  app/controllers/static_pages_controller.rb:22:in `backbone'


  Rendered /Users/agc/.rvm/gems/ruby-2.0.0-p247@rails4/gems/actionpack-4.0.0/lib/action_dispatch/middleware/templates/rescues/_trace.erb (1.6ms)
  Rendered /Users/agc/.rvm/gems/ruby-2.0.0-p247@rails4/gems/actionpack-4.0.0/lib/action_dispatch/middleware/templates/rescues/_request_and_response.erb (1.4ms)
  Rendered /Users/agc/.rvm/gems/ruby-2.0.0-p247@rails4/gems/actionpack-4.0.0/lib/action_dispatch/middleware/templates/rescues/template_error.erb within rescues/layout (16.0ms)


Started GET "/backbone/backbonetutorial3.html" for 127.0.0.1 at 2013-10-31 23:06:14 +0100
Processing by StaticPagesController#backbone as HTML
  Parameters: {"page"=>"backbonetutorial3.html"}
  Rendered static_pages/backbonetutorial3.html within layouts/backbone_tutorial (0.1ms)
Completed 200 OK in 242ms (Views: 241.1ms | ActiveRecord: 0.0ms)


Started GET "/assets/jquery.js?body=1" for 127.0.0.1 at 2013-10-31 23:06:14 +0100


Started GET "/assets/application.css?body=1" for 127.0.0.1 at 2013-10-31 23:06:14 +0100


Started GET "/assets/underscore-min.js?body=1" for 127.0.0.1 at 2013-10-31 23:06:14 +0100


Started GET "/assets/static_pages.css?body=1" for 127.0.0.1 at 2013-10-31 23:06:14 +0100


Started GET "/assets/turbolinks.js?body=1" for 127.0.0.1 at 2013-10-31 23:06:14 +0100


Started GET "/assets/jquery_ujs.js?body=1" for 127.0.0.1 at 2013-10-31 23:06:14 +0100


Started GET "/assets/backbone-min.js?body=1" for 127.0.0.1 at 2013-10-31 23:06:14 +0100


Started GET "/assets/backbone.localStorage-min.js?body=1" for 127.0.0.1 at 2013-10-31 23:06:14 +0100


Started GET "/assets/backbonetutorial.js?body=1" for 127.0.0.1 at 2013-10-31 23:06:14 +0100


Started GET "/assets/backbone-min.map" for 127.0.0.1 at 2013-10-31 23:06:28 +0100

ActionController::RoutingError (No route matches [GET] "/assets/backbone-min.map"):
  actionpack (4.0.0) lib/action_dispatch/middleware/debug_exceptions.rb:21:in `call'
  actionpack (4.0.0) lib/action_dispatch/middleware/show_exceptions.rb:30:in `call'
  railties (4.0.0) lib/rails/rack/logger.rb:38:in `call_app'
  railties (4.0.0) lib/rails/rack/logger.rb:21:in `block in call'
  activesupport (4.0.0) lib/active_support/tagged_logging.rb:67:in `block in tagged'
  activesupport (4.0.0) lib/active_support/tagged_logging.rb:25:in `tagged'
  activesupport (4.0.0) lib/active_support/tagged_logging.rb:67:in `tagged'
  railties (4.0.0) lib/rails/rack/logger.rb:21:in `call'
  actionpack (4.0.0) lib/action_dispatch/middleware/request_id.rb:21:in `call'
  rack (1.5.2) lib/rack/methodoverride.rb:21:in `call'
  rack (1.5.2) lib/rack/runtime.rb:17:in `call'
  activesupport (4.0.0) lib/active_support/cache/strategy/local_cache.rb:83:in `call'
  rack (1.5.2) lib/rack/lock.rb:17:in `call'
  actionpack (4.0.0) lib/action_dispatch/middleware/static.rb:64:in `call'
  railties (4.0.0) lib/rails/engine.rb:511:in `call'
  railties (4.0.0) lib/rails/application.rb:97:in `call'
  rack (1.5.2) lib/rack/lock.rb:17:in `call'
  rack (1.5.2) lib/rack/content_length.rb:14:in `call'
  rack (1.5.2) lib/rack/handler/webrick.rb:60:in `service'
  /Users/agc/.rvm/rubies/ruby-2.0.0-p247/lib/ruby/2.0.0/webrick/httpserver.rb:138:in `service'
  /Users/agc/.rvm/rubies/ruby-2.0.0-p247/lib/ruby/2.0.0/webrick/httpserver.rb:94:in `run'
  /Users/agc/.rvm/rubies/ruby-2.0.0-p247/lib/ruby/2.0.0/webrick/server.rb:295:in `block in start_thread'


  Rendered /Users/agc/.rvm/gems/ruby-2.0.0-p247@rails4/gems/actionpack-4.0.0/lib/action_dispatch/middleware/templates/rescues/_trace.erb (1.5ms)
  Rendered /Users/agc/.rvm/gems/ruby-2.0.0-p247@rails4/gems/actionpack-4.0.0/lib/action_dispatch/middleware/templates/routes/_route.html.erb (1.3ms)
  Rendered /Users/agc/.rvm/gems/ruby-2.0.0-p247@rails4/gems/actionpack-4.0.0/lib/action_dispatch/middleware/templates/routes/_table.html.erb (1.4ms)
  Rendered /Users/agc/.rvm/gems/ruby-2.0.0-p247@rails4/gems/actionpack-4.0.0/lib/action_dispatch/middleware/templates/rescues/routing_error.erb within rescues/layout (43.6ms)


Started GET "/assets/underscore-min.map" for 127.0.0.1 at 2013-10-31 23:06:29 +0100

ActionController::RoutingError (No route matches [GET] "/assets/underscore-min.map"):
  actionpack (4.0.0) lib/action_dispatch/middleware/debug_exceptions.rb:21:in `call'
  actionpack (4.0.0) lib/action_dispatch/middleware/show_exceptions.rb:30:in `call'
  railties (4.0.0) lib/rails/rack/logger.rb:38:in `call_app'
  railties (4.0.0) lib/rails/rack/logger.rb:21:in `block in call'
  activesupport (4.0.0) lib/active_support/tagged_logging.rb:67:in `block in tagged'
  activesupport (4.0.0) lib/active_support/tagged_logging.rb:25:in `tagged'
  activesupport (4.0.0) lib/active_support/tagged_logging.rb:67:in `tagged'
  railties (4.0.0) lib/rails/rack/logger.rb:21:in `call'
  actionpack (4.0.0) lib/action_dispatch/middleware/request_id.rb:21:in `call'
  rack (1.5.2) lib/rack/methodoverride.rb:21:in `call'
  rack (1.5.2) lib/rack/runtime.rb:17:in `call'
  activesupport (4.0.0) lib/active_support/cache/strategy/local_cache.rb:83:in `call'
  rack (1.5.2) lib/rack/lock.rb:17:in `call'
  actionpack (4.0.0) lib/action_dispatch/middleware/static.rb:64:in `call'
  railties (4.0.0) lib/rails/engine.rb:511:in `call'
  railties (4.0.0) lib/rails/application.rb:97:in `call'
  rack (1.5.2) lib/rack/lock.rb:17:in `call'
  rack (1.5.2) lib/rack/content_length.rb:14:in `call'
  rack (1.5.2) lib/rack/handler/webrick.rb:60:in `service'
  /Users/agc/.rvm/rubies/ruby-2.0.0-p247/lib/ruby/2.0.0/webrick/httpserver.rb:138:in `service'
  /Users/agc/.rvm/rubies/ruby-2.0.0-p247/lib/ruby/2.0.0/webrick/httpserver.rb:94:in `run'
  /Users/agc/.rvm/rubies/ruby-2.0.0-p247/lib/ruby/2.0.0/webrick/server.rb:295:in `block in start_thread'


  Rendered /Users/agc/.rvm/gems/ruby-2.0.0-p247@rails4/gems/actionpack-4.0.0/lib/action_dispatch/middleware/templates/rescues/_trace.erb (1.4ms)
  Rendered /Users/agc/.rvm/gems/ruby-2.0.0-p247@rails4/gems/actionpack-4.0.0/lib/action_dispatch/middleware/templates/routes/_route.html.erb (1.4ms)
  Rendered /Users/agc/.rvm/gems/ruby-2.0.0-p247@rails4/gems/actionpack-4.0.0/lib/action_dispatch/middleware/templates/routes/_table.html.erb (1.3ms)
  Rendered /Users/agc/.rvm/gems/ruby-2.0.0-p247@rails4/gems/actionpack-4.0.0/lib/action_dispatch/middleware/templates/rescues/routing_error.erb within rescues/layout (23.3ms)


Started GET "/assets/backbone-min.map" for 127.0.0.1 at 2013-10-31 23:06:50 +0100

ActionController::RoutingError (No route matches [GET] "/assets/backbone-min.map"):
  actionpack (4.0.0) lib/action_dispatch/middleware/debug_exceptions.rb:21:in `call'
  actionpack (4.0.0) lib/action_dispatch/middleware/show_exceptions.rb:30:in `call'
  railties (4.0.0) lib/rails/rack/logger.rb:38:in `call_app'
  railties (4.0.0) lib/rails/rack/logger.rb:21:in `block in call'
  activesupport (4.0.0) lib/active_support/tagged_logging.rb:67:in `block in tagged'
  activesupport (4.0.0) lib/active_support/tagged_logging.rb:25:in `tagged'
  activesupport (4.0.0) lib/active_support/tagged_logging.rb:67:in `tagged'
  railties (4.0.0) lib/rails/rack/logger.rb:21:in `call'
  actionpack (4.0.0) lib/action_dispatch/middleware/request_id.rb:21:in `call'
  rack (1.5.2) lib/rack/methodoverride.rb:21:in `call'
  rack (1.5.2) lib/rack/runtime.rb:17:in `call'
  activesupport (4.0.0) lib/active_support/cache/strategy/local_cache.rb:83:in `call'
  rack (1.5.2) lib/rack/lock.rb:17:in `call'
  actionpack (4.0.0) lib/action_dispatch/middleware/static.rb:64:in `call'
  railties (4.0.0) lib/rails/engine.rb:511:in `call'
  railties (4.0.0) lib/rails/application.rb:97:in `call'
  rack (1.5.2) lib/rack/lock.rb:17:in `call'
  rack (1.5.2) lib/rack/content_length.rb:14:in `call'
  rack (1.5.2) lib/rack/handler/webrick.rb:60:in `service'
  /Users/agc/.rvm/rubies/ruby-2.0.0-p247/lib/ruby/2.0.0/webrick/httpserver.rb:138:in `service'
  /Users/agc/.rvm/rubies/ruby-2.0.0-p247/lib/ruby/2.0.0/webrick/httpserver.rb:94:in `run'
  /Users/agc/.rvm/rubies/ruby-2.0.0-p247/lib/ruby/2.0.0/webrick/server.rb:295:in `block in start_thread'


  Rendered /Users/agc/.rvm/gems/ruby-2.0.0-p247@rails4/gems/actionpack-4.0.0/lib/action_dispatch/middleware/templates/rescues/_trace.erb (1.3ms)
  Rendered /Users/agc/.rvm/gems/ruby-2.0.0-p247@rails4/gems/actionpack-4.0.0/lib/action_dispatch/middleware/templates/routes/_route.html.erb (1.2ms)
  Rendered /Users/agc/.rvm/gems/ruby-2.0.0-p247@rails4/gems/actionpack-4.0.0/lib/action_dispatch/middleware/templates/routes/_table.html.erb (1.3ms)
  Rendered /Users/agc/.rvm/gems/ruby-2.0.0-p247@rails4/gems/actionpack-4.0.0/lib/action_dispatch/middleware/templates/rescues/routing_error.erb within rescues/layout (21.3ms)


Started GET "/assets/underscore-min.map" for 127.0.0.1 at 2013-10-31 23:06:50 +0100

ActionController::RoutingError (No route matches [GET] "/assets/underscore-min.map"):
  actionpack (4.0.0) lib/action_dispatch/middleware/debug_exceptions.rb:21:in `call'
  actionpack (4.0.0) lib/action_dispatch/middleware/show_exceptions.rb:30:in `call'
  railties (4.0.0) lib/rails/rack/logger.rb:38:in `call_app'
  railties (4.0.0) lib/rails/rack/logger.rb:21:in `block in call'
  activesupport (4.0.0) lib/active_support/tagged_logging.rb:67:in `block in tagged'
  activesupport (4.0.0) lib/active_support/tagged_logging.rb:25:in `tagged'
  activesupport (4.0.0) lib/active_support/tagged_logging.rb:67:in `tagged'
  railties (4.0.0) lib/rails/rack/logger.rb:21:in `call'
  actionpack (4.0.0) lib/action_dispatch/middleware/request_id.rb:21:in `call'
  rack (1.5.2) lib/rack/methodoverride.rb:21:in `call'
  rack (1.5.2) lib/rack/runtime.rb:17:in `call'
  activesupport (4.0.0) lib/active_support/cache/strategy/local_cache.rb:83:in `call'
  rack (1.5.2) lib/rack/lock.rb:17:in `call'
  actionpack (4.0.0) lib/action_dispatch/middleware/static.rb:64:in `call'
  railties (4.0.0) lib/rails/engine.rb:511:in `call'
  railties (4.0.0) lib/rails/application.rb:97:in `call'
  rack (1.5.2) lib/rack/lock.rb:17:in `call'
  rack (1.5.2) lib/rack/content_length.rb:14:in `call'
  rack (1.5.2) lib/rack/handler/webrick.rb:60:in `service'
  /Users/agc/.rvm/rubies/ruby-2.0.0-p247/lib/ruby/2.0.0/webrick/httpserver.rb:138:in `service'
  /Users/agc/.rvm/rubies/ruby-2.0.0-p247/lib/ruby/2.0.0/webrick/httpserver.rb:94:in `run'
  /Users/agc/.rvm/rubies/ruby-2.0.0-p247/lib/ruby/2.0.0/webrick/server.rb:295:in `block in start_thread'


  Rendered /Users/agc/.rvm/gems/ruby-2.0.0-p247@rails4/gems/actionpack-4.0.0/lib/action_dispatch/middleware/templates/rescues/_trace.erb (1.9ms)
  Rendered /Users/agc/.rvm/gems/ruby-2.0.0-p247@rails4/gems/actionpack-4.0.0/lib/action_dispatch/middleware/templates/routes/_route.html.erb (1.4ms)
  Rendered /Users/agc/.rvm/gems/ruby-2.0.0-p247@rails4/gems/actionpack-4.0.0/lib/action_dispatch/middleware/templates/routes/_table.html.erb (1.3ms)
  Rendered /Users/agc/.rvm/gems/ruby-2.0.0-p247@rails4/gems/actionpack-4.0.0/lib/action_dispatch/middleware/templates/rescues/routing_error.erb within rescues/layout (24.1ms)


Started GET "/backbone/backbonetutorial3.html" for 127.0.0.1 at 2013-10-31 23:11:05 +0100
Processing by StaticPagesController#backbone as HTML
  Parameters: {"page"=>"backbonetutorial3.html"}
  Rendered static_pages/backbonetutorial3.html within layouts/backbone_tutorial (0.1ms)
Completed 200 OK in 421ms (Views: 419.1ms | ActiveRecord: 0.0ms)


Started GET "/assets/static_pages.css?body=1" for 127.0.0.1 at 2013-10-31 23:11:05 +0100


Started GET "/assets/jquery.js?body=1" for 127.0.0.1 at 2013-10-31 23:11:05 +0100


Started GET "/assets/application.css?body=1" for 127.0.0.1 at 2013-10-31 23:11:05 +0100


Started GET "/assets/underscore-min.js?body=1" for 127.0.0.1 at 2013-10-31 23:11:05 +0100


Started GET "/assets/jquery_ujs.js?body=1" for 127.0.0.1 at 2013-10-31 23:11:05 +0100


Started GET "/assets/backbone-min.js?body=1" for 127.0.0.1 at 2013-10-31 23:11:05 +0100


Started GET "/assets/turbolinks.js?body=1" for 127.0.0.1 at 2013-10-31 23:11:06 +0100


Started GET "/assets/backbone.localStorage-min.js?body=1" for 127.0.0.1 at 2013-10-31 23:11:06 +0100


Started GET "/assets/backbonetutorial.js?body=1" for 127.0.0.1 at 2013-10-31 23:11:06 +0100


Started GET "/assets/underscore-min.map" for 127.0.0.1 at 2013-10-31 23:11:24 +0100

ActionController::RoutingError (No route matches [GET] "/assets/underscore-min.map"):
  actionpack (4.0.0) lib/action_dispatch/middleware/debug_exceptions.rb:21:in `call'
  actionpack (4.0.0) lib/action_dispatch/middleware/show_exceptions.rb:30:in `call'
  railties (4.0.0) lib/rails/rack/logger.rb:38:in `call_app'
  railties (4.0.0) lib/rails/rack/logger.rb:21:in `block in call'
  activesupport (4.0.0) lib/active_support/tagged_logging.rb:67:in `block in tagged'
  activesupport (4.0.0) lib/active_support/tagged_logging.rb:25:in `tagged'
  activesupport (4.0.0) lib/active_support/tagged_logging.rb:67:in `tagged'
  railties (4.0.0) lib/rails/rack/logger.rb:21:in `call'
  actionpack (4.0.0) lib/action_dispatch/middleware/request_id.rb:21:in `call'
  rack (1.5.2) lib/rack/methodoverride.rb:21:in `call'
  rack (1.5.2) lib/rack/runtime.rb:17:in `call'
  activesupport (4.0.0) lib/active_support/cache/strategy/local_cache.rb:83:in `call'
  rack (1.5.2) lib/rack/lock.rb:17:in `call'
  actionpack (4.0.0) lib/action_dispatch/middleware/static.rb:64:in `call'
  railties (4.0.0) lib/rails/engine.rb:511:in `call'
  railties (4.0.0) lib/rails/application.rb:97:in `call'
  rack (1.5.2) lib/rack/lock.rb:17:in `call'
  rack (1.5.2) lib/rack/content_length.rb:14:in `call'
  rack (1.5.2) lib/rack/handler/webrick.rb:60:in `service'
  /Users/agc/.rvm/rubies/ruby-2.0.0-p247/lib/ruby/2.0.0/webrick/httpserver.rb:138:in `service'
  /Users/agc/.rvm/rubies/ruby-2.0.0-p247/lib/ruby/2.0.0/webrick/httpserver.rb:94:in `run'
  /Users/agc/.rvm/rubies/ruby-2.0.0-p247/lib/ruby/2.0.0/webrick/server.rb:295:in `block in start_thread'


  Rendered /Users/agc/.rvm/gems/ruby-2.0.0-p247@rails4/gems/actionpack-4.0.0/lib/action_dispatch/middleware/templates/rescues/_trace.erb (1.5ms)
  Rendered /Users/agc/.rvm/gems/ruby-2.0.0-p247@rails4/gems/actionpack-4.0.0/lib/action_dispatch/middleware/templates/routes/_route.html.erb (1.3ms)
  Rendered /Users/agc/.rvm/gems/ruby-2.0.0-p247@rails4/gems/actionpack-4.0.0/lib/action_dispatch/middleware/templates/routes/_table.html.erb (1.3ms)
  Rendered /Users/agc/.rvm/gems/ruby-2.0.0-p247@rails4/gems/actionpack-4.0.0/lib/action_dispatch/middleware/templates/rescues/routing_error.erb within rescues/layout (40.3ms)


Started GET "/assets/backbone-min.map" for 127.0.0.1 at 2013-10-31 23:11:25 +0100

ActionController::RoutingError (No route matches [GET] "/assets/backbone-min.map"):
  actionpack (4.0.0) lib/action_dispatch/middleware/debug_exceptions.rb:21:in `call'
  actionpack (4.0.0) lib/action_dispatch/middleware/show_exceptions.rb:30:in `call'
  railties (4.0.0) lib/rails/rack/logger.rb:38:in `call_app'
  railties (4.0.0) lib/rails/rack/logger.rb:21:in `block in call'
  activesupport (4.0.0) lib/active_support/tagged_logging.rb:67:in `block in tagged'
  activesupport (4.0.0) lib/active_support/tagged_logging.rb:25:in `tagged'
  activesupport (4.0.0) lib/active_support/tagged_logging.rb:67:in `tagged'
  railties (4.0.0) lib/rails/rack/logger.rb:21:in `call'
  actionpack (4.0.0) lib/action_dispatch/middleware/request_id.rb:21:in `call'
  rack (1.5.2) lib/rack/methodoverride.rb:21:in `call'
  rack (1.5.2) lib/rack/runtime.rb:17:in `call'
  activesupport (4.0.0) lib/active_support/cache/strategy/local_cache.rb:83:in `call'
  rack (1.5.2) lib/rack/lock.rb:17:in `call'
  actionpack (4.0.0) lib/action_dispatch/middleware/static.rb:64:in `call'
  railties (4.0.0) lib/rails/engine.rb:511:in `call'
  railties (4.0.0) lib/rails/application.rb:97:in `call'
  rack (1.5.2) lib/rack/lock.rb:17:in `call'
  rack (1.5.2) lib/rack/content_length.rb:14:in `call'
  rack (1.5.2) lib/rack/handler/webrick.rb:60:in `service'
  /Users/agc/.rvm/rubies/ruby-2.0.0-p247/lib/ruby/2.0.0/webrick/httpserver.rb:138:in `service'
  /Users/agc/.rvm/rubies/ruby-2.0.0-p247/lib/ruby/2.0.0/webrick/httpserver.rb:94:in `run'
  /Users/agc/.rvm/rubies/ruby-2.0.0-p247/lib/ruby/2.0.0/webrick/server.rb:295:in `block in start_thread'


  Rendered /Users/agc/.rvm/gems/ruby-2.0.0-p247@rails4/gems/actionpack-4.0.0/lib/action_dispatch/middleware/templates/rescues/_trace.erb (1.6ms)
  Rendered /Users/agc/.rvm/gems/ruby-2.0.0-p247@rails4/gems/actionpack-4.0.0/lib/action_dispatch/middleware/templates/routes/_route.html.erb (1.3ms)
  Rendered /Users/agc/.rvm/gems/ruby-2.0.0-p247@rails4/gems/actionpack-4.0.0/lib/action_dispatch/middleware/templates/routes/_table.html.erb (1.3ms)
  Rendered /Users/agc/.rvm/gems/ruby-2.0.0-p247@rails4/gems/actionpack-4.0.0/lib/action_dispatch/middleware/templates/rescues/routing_error.erb within rescues/layout (24.2ms)


Started GET "/backbone/backbonetutorial3.html" for 127.0.0.1 at 2013-10-31 23:12:24 +0100
Processing by StaticPagesController#backbone as HTML
  Parameters: {"page"=>"backbonetutorial3.html"}
  Rendered static_pages/backbonetutorial3.html within layouts/backbone_tutorial (1.1ms)
Completed 200 OK in 27ms (Views: 25.7ms | ActiveRecord: 0.0ms)


Started GET "/assets/application.css?body=1" for 127.0.0.1 at 2013-10-31 23:12:24 +0100


Started GET "/assets/static_pages.css?body=1" for 127.0.0.1 at 2013-10-31 23:12:24 +0100


Started GET "/assets/backbone-min.js?body=1" for 127.0.0.1 at 2013-10-31 23:12:24 +0100


Started GET "/assets/jquery_ujs.js?body=1" for 127.0.0.1 at 2013-10-31 23:12:24 +0100


Started GET "/assets/backbone.localStorage-min.js?body=1" for 127.0.0.1 at 2013-10-31 23:12:24 +0100


Started GET "/assets/turbolinks.js?body=1" for 127.0.0.1 at 2013-10-31 23:12:24 +0100


Started GET "/assets/backbonetutorial.js?body=1" for 127.0.0.1 at 2013-10-31 23:12:24 +0100


Started GET "/assets/jquery.js?body=1" for 127.0.0.1 at 2013-10-31 23:12:24 +0100


Started GET "/assets/underscore-min.js?body=1" for 127.0.0.1 at 2013-10-31 23:12:24 +0100


Started GET "/backbone/backbonetutorial3.html" for 127.0.0.1 at 2013-10-31 23:12:45 +0100
Processing by StaticPagesController#backbone as HTML
  Parameters: {"page"=>"backbonetutorial3.html"}
  Rendered static_pages/backbonetutorial3.html within layouts/backbone_tutorial (1.2ms)
Completed 200 OK in 28ms (Views: 27.0ms | ActiveRecord: 0.0ms)


Started GET "/assets/application.css?body=1" for 127.0.0.1 at 2013-10-31 23:12:45 +0100


Started GET "/assets/static_pages.css?body=1" for 127.0.0.1 at 2013-10-31 23:12:45 +0100


Started GET "/assets/jquery.js?body=1" for 127.0.0.1 at 2013-10-31 23:12:45 +0100


Started GET "/assets/jquery_ujs.js?body=1" for 127.0.0.1 at 2013-10-31 23:12:45 +0100


Started GET "/assets/backbone-min.js?body=1" for 127.0.0.1 at 2013-10-31 23:12:45 +0100


Started GET "/assets/turbolinks.js?body=1" for 127.0.0.1 at 2013-10-31 23:12:45 +0100


Started GET "/assets/underscore-min.js?body=1" for 127.0.0.1 at 2013-10-31 23:12:45 +0100


Started GET "/assets/backbone.localStorage-min.js?body=1" for 127.0.0.1 at 2013-10-31 23:12:45 +0100


Started GET "/assets/backbonetutorial.js?body=1" for 127.0.0.1 at 2013-10-31 23:12:45 +0100


Started GET "/backbone/backbonetutorial3.html" for 127.0.0.1 at 2013-10-31 23:13:06 +0100
Processing by StaticPagesController#backbone as HTML
  Parameters: {"page"=>"backbonetutorial3.html"}
  Rendered static_pages/backbonetutorial3.html within layouts/backbone_tutorial (0.9ms)
Completed 200 OK in 11ms (Views: 10.4ms | ActiveRecord: 0.0ms)


Started GET "/assets/jquery.js?body=1" for 127.0.0.1 at 2013-10-31 23:13:06 +0100


Started GET "/assets/static_pages.css?body=1" for 127.0.0.1 at 2013-10-31 23:13:06 +0100


Started GET "/assets/jquery_ujs.js?body=1" for 127.0.0.1 at 2013-10-31 23:13:06 +0100


Started GET "/assets/underscore-min.js?body=1" for 127.0.0.1 at 2013-10-31 23:13:06 +0100


Started GET "/assets/turbolinks.js?body=1" for 127.0.0.1 at 2013-10-31 23:13:06 +0100


Started GET "/assets/application.css?body=1" for 127.0.0.1 at 2013-10-31 23:13:06 +0100


Started GET "/assets/backbone.localStorage-min.js?body=1" for 127.0.0.1 at 2013-10-31 23:13:06 +0100


Started GET "/assets/backbone-min.js?body=1" for 127.0.0.1 at 2013-10-31 23:13:06 +0100


Started GET "/assets/backbonetutorial.js?body=1" for 127.0.0.1 at 2013-10-31 23:13:06 +0100


Started GET "/backbone/backbonetutorial3.html" for 127.0.0.1 at 2013-10-31 23:13:28 +0100
Processing by StaticPagesController#backbone as HTML
  Parameters: {"page"=>"backbonetutorial3.html"}
  Rendered static_pages/backbonetutorial3.html within layouts/backbone_tutorial (1.0ms)
Completed 200 OK in 11ms (Views: 8.9ms | ActiveRecord: 0.0ms)


Started GET "/assets/application.css?body=1" for 127.0.0.1 at 2013-10-31 23:13:28 +0100


Started GET "/assets/jquery_ujs.js?body=1" for 127.0.0.1 at 2013-10-31 23:13:28 +0100


Started GET "/assets/static_pages.css?body=1" for 127.0.0.1 at 2013-10-31 23:13:28 +0100


Started GET "/assets/backbone-min.js?body=1" for 127.0.0.1 at 2013-10-31 23:13:28 +0100


Started GET "/assets/underscore-min.js?body=1" for 127.0.0.1 at 2013-10-31 23:13:28 +0100


Started GET "/assets/backbone.localStorage-min.js?body=1" for 127.0.0.1 at 2013-10-31 23:13:28 +0100


Started GET "/assets/jquery.js?body=1" for 127.0.0.1 at 2013-10-31 23:13:28 +0100


Started GET "/assets/turbolinks.js?body=1" for 127.0.0.1 at 2013-10-31 23:13:28 +0100


Started GET "/assets/backbonetutorial.js?body=1" for 127.0.0.1 at 2013-10-31 23:13:28 +0100
